2025-10-11 18:16:46,986 - INFO - Folder created/verified: Documents
2025-10-11 18:16:46,997 - INFO - Folder created/verified: Images
2025-10-11 18:16:47,001 - INFO - Folder created/verified: Videos
2025-10-11 18:16:47,006 - INFO - Folder created/verified: Audio
2025-10-11 18:16:47,011 - INFO - Folder created/verified: Archives
2025-10-11 18:16:47,017 - INFO - Folder created/verified: Code
2025-10-11 18:16:47,021 - INFO - Folder created/verified: Executables
2025-10-11 18:16:47,025 - INFO - Folder created/verified: Others
2025-10-11 18:16:49,810 - INFO - 
==================================================
2025-10-11 18:16:49,812 - INFO - Organization Complete!
2025-10-11 18:16:49,815 - INFO - Files moved: 43
2025-10-11 18:16:49,819 - INFO - Files skipped: 0
2025-10-11 18:16:49,822 - INFO - ==================================================
2025-10-11 18:20:36,590 - INFO - Folder created/verified: Documents
2025-10-11 18:20:36,597 - INFO - Folder created/verified: Images
2025-10-11 18:20:36,600 - INFO - Folder created/verified: Videos
2025-10-11 18:20:36,602 - INFO - Folder created/verified: Audio
2025-10-11 18:20:36,603 - INFO - Folder created/verified: Archives
2025-10-11 18:20:36,605 - INFO - Folder created/verified: Code
2025-10-11 18:20:36,607 - INFO - Folder created/verified: Executables
2025-10-11 18:20:36,612 - INFO - Folder created/verified: Others
2025-10-11 18:20:39,933 - INFO - 
==================================================
2025-10-11 18:20:39,938 - INFO - Organization Complete!
2025-10-11 18:20:39,943 - INFO - Files moved: 45
2025-10-11 18:20:39,947 - INFO - Files skipped: 0
2025-10-11 18:20:39,950 - INFO - ==================================================
